/home/luis/ws_robot/install/modelo_robot/lib/python3.10/site-packages/modelo_robot/__init__.py
/home/luis/ws_robot/install/modelo_robot/lib/python3.10/site-packages/modelo_robot/__pycache__/__init__.cpython-310.pyc
/home/luis/ws_robot/install/modelo_robot/share/ament_index/resource_index/packages/modelo_robot
/home/luis/ws_robot/install/modelo_robot/share/modelo_robot/package.xml
/home/luis/ws_robot/install/modelo_robot/share/modelo_robot/urdf/Archivos_URDF.urdf
/home/luis/ws_robot/install/modelo_robot/share/modelo_robot/launch/display.launch.py
/home/luis/ws_robot/install/modelo_robot/share/modelo_robot/meshes/Link_4.STL
/home/luis/ws_robot/install/modelo_robot/share/modelo_robot/meshes/Link_5.STL
/home/luis/ws_robot/install/modelo_robot/share/modelo_robot/meshes/base_link.STL
/home/luis/ws_robot/install/modelo_robot/share/modelo_robot/meshes/Link_3.STL
/home/luis/ws_robot/install/modelo_robot/share/modelo_robot/meshes/Link_6.STL
/home/luis/ws_robot/install/modelo_robot/share/modelo_robot/meshes/Link_2.STL
/home/luis/ws_robot/install/modelo_robot/share/modelo_robot/meshes/Link_7.STL
/home/luis/ws_robot/install/modelo_robot/lib/python3.10/site-packages/modelo_robot-0.0.0-py3.10.egg-info/requires.txt
/home/luis/ws_robot/install/modelo_robot/lib/python3.10/site-packages/modelo_robot-0.0.0-py3.10.egg-info/zip-safe
/home/luis/ws_robot/install/modelo_robot/lib/python3.10/site-packages/modelo_robot-0.0.0-py3.10.egg-info/entry_points.txt
/home/luis/ws_robot/install/modelo_robot/lib/python3.10/site-packages/modelo_robot-0.0.0-py3.10.egg-info/PKG-INFO
/home/luis/ws_robot/install/modelo_robot/lib/python3.10/site-packages/modelo_robot-0.0.0-py3.10.egg-info/SOURCES.txt
/home/luis/ws_robot/install/modelo_robot/lib/python3.10/site-packages/modelo_robot-0.0.0-py3.10.egg-info/top_level.txt
/home/luis/ws_robot/install/modelo_robot/lib/python3.10/site-packages/modelo_robot-0.0.0-py3.10.egg-info/dependency_links.txt
