[1.024s] Invoking command in '/home/luis/ws_robot/src/modelo_robot': PYTHONPATH=/home/luis/ws_robot/build/modelo_robot/prefix_override:/home/luis/ws_robot/install/modelo_robot/lib/python3.10/site-packages:${PYTHONPATH} /usr/bin/python3 -W ignore:setup.py install is deprecated setup.py egg_info --egg-base ../../build/modelo_robot build --build-base /home/luis/ws_robot/build/modelo_robot/build install --record /home/luis/ws_robot/build/modelo_robot/install.log --single-version-externally-managed install_data
[1.362s] running egg_info
[1.362s] creating ../../build/modelo_robot/modelo_robot.egg-info
[1.363s] writing ../../build/modelo_robot/modelo_robot.egg-info/PKG-INFO
[1.363s] writing dependency_links to ../../build/modelo_robot/modelo_robot.egg-info/dependency_links.txt
[1.363s] writing entry points to ../../build/modelo_robot/modelo_robot.egg-info/entry_points.txt
[1.363s] writing requirements to ../../build/modelo_robot/modelo_robot.egg-info/requires.txt
[1.363s] writing top-level names to ../../build/modelo_robot/modelo_robot.egg-info/top_level.txt
[1.364s] writing manifest file '../../build/modelo_robot/modelo_robot.egg-info/SOURCES.txt'
[1.366s] reading manifest file '../../build/modelo_robot/modelo_robot.egg-info/SOURCES.txt'
[1.367s] writing manifest file '../../build/modelo_robot/modelo_robot.egg-info/SOURCES.txt'
[1.367s] running build
[1.367s] running build_py
[1.368s] creating /home/luis/ws_robot/build/modelo_robot/build
[1.368s] creating /home/luis/ws_robot/build/modelo_robot/build/lib
[1.368s] creating /home/luis/ws_robot/build/modelo_robot/build/lib/modelo_robot
[1.368s] copying modelo_robot/__init__.py -> /home/luis/ws_robot/build/modelo_robot/build/lib/modelo_robot
[1.368s] running install
[1.368s] running install_lib
[1.369s] creating /home/luis/ws_robot/install/modelo_robot/lib/python3.10/site-packages/modelo_robot
[1.369s] copying /home/luis/ws_robot/build/modelo_robot/build/lib/modelo_robot/__init__.py -> /home/luis/ws_robot/install/modelo_robot/lib/python3.10/site-packages/modelo_robot
[1.370s] byte-compiling /home/luis/ws_robot/install/modelo_robot/lib/python3.10/site-packages/modelo_robot/__init__.py to __init__.cpython-310.pyc
[1.370s] running install_data
[1.371s] creating /home/luis/ws_robot/install/modelo_robot/share/ament_index
[1.371s] creating /home/luis/ws_robot/install/modelo_robot/share/ament_index/resource_index
[1.371s] creating /home/luis/ws_robot/install/modelo_robot/share/ament_index/resource_index/packages
[1.371s] copying resource/modelo_robot -> /home/luis/ws_robot/install/modelo_robot/share/ament_index/resource_index/packages
[1.371s] copying package.xml -> /home/luis/ws_robot/install/modelo_robot/share/modelo_robot
[1.371s] creating /home/luis/ws_robot/install/modelo_robot/share/modelo_robot/urdf
[1.372s] copying urdf/Archivos_URDF.urdf -> /home/luis/ws_robot/install/modelo_robot/share/modelo_robot/urdf
[1.372s] creating /home/luis/ws_robot/install/modelo_robot/share/modelo_robot/launch
[1.372s] copying launch/display.launch.py -> /home/luis/ws_robot/install/modelo_robot/share/modelo_robot/launch
[1.372s] creating /home/luis/ws_robot/install/modelo_robot/share/modelo_robot/meshes
[1.372s] copying meshes/Link_4.STL -> /home/luis/ws_robot/install/modelo_robot/share/modelo_robot/meshes
[1.372s] copying meshes/Link_5.STL -> /home/luis/ws_robot/install/modelo_robot/share/modelo_robot/meshes
[1.372s] copying meshes/base_link.STL -> /home/luis/ws_robot/install/modelo_robot/share/modelo_robot/meshes
[1.372s] copying meshes/Link_3.STL -> /home/luis/ws_robot/install/modelo_robot/share/modelo_robot/meshes
[1.373s] copying meshes/Link_6.STL -> /home/luis/ws_robot/install/modelo_robot/share/modelo_robot/meshes
[1.373s] copying meshes/Link_2.STL -> /home/luis/ws_robot/install/modelo_robot/share/modelo_robot/meshes
[1.373s] copying meshes/Link_7.STL -> /home/luis/ws_robot/install/modelo_robot/share/modelo_robot/meshes
[1.373s] running install_egg_info
[1.377s] Copying ../../build/modelo_robot/modelo_robot.egg-info to /home/luis/ws_robot/install/modelo_robot/lib/python3.10/site-packages/modelo_robot-0.0.0-py3.10.egg-info
[1.378s] running install_scripts
[1.404s] writing list of installed files to '/home/luis/ws_robot/build/modelo_robot/install.log'
[1.437s] Invoked command in '/home/luis/ws_robot/src/modelo_robot' returned '0': PYTHONPATH=/home/luis/ws_robot/build/modelo_robot/prefix_override:/home/luis/ws_robot/install/modelo_robot/lib/python3.10/site-packages:${PYTHONPATH} /usr/bin/python3 -W ignore:setup.py install is deprecated setup.py egg_info --egg-base ../../build/modelo_robot build --build-base /home/luis/ws_robot/build/modelo_robot/build install --record /home/luis/ws_robot/build/modelo_robot/install.log --single-version-externally-managed install_data
